<?xml version="1.0" encoding="UTF-8"?>
<!-- Generated by org.testng.reporters.JUnitXMLReporter -->
<testsuite hostname="Abhas-MBP.fios-router.home" ignored="0" name="testng Test" tests="5" failures="0" timestamp="2019-01-25T14:30:02 EST" time="1.168" errors="0">
  <testcase name="testcheckProxy" time="0.711" classname="tests.TestAPI"/>
  <testcase name="testGetStatusCode" time="0.777" classname="tests.TestAPI"/>
  <testcase name="testGetBody" time="0.788" classname="tests.TestAPI"/>
  <testcase name="testPostStatusCode" time="1.076" classname="tests.TestAPI"/>
  <testcase name="testPostResponseMessage" time="1.118" classname="tests.TestAPI"/>
</testsuite> <!-- testng Test -->
