<?xml version="1.0" encoding="UTF-8"?>
<!-- Generated by org.testng.reporters.JUnitXMLReporter -->
<testsuite hostname="Abhas-MBP.fios-router.home" ignored="0" name="APITestFramework" tests="5" failures="0" timestamp="2019-01-25T20:32:23 EST" time="3.067" errors="0">
  <testcase name="testPostStatusCode" time="2.447" classname="tests.TestAPI"/>
  <testcase name="testGetStatusCode" time="0.192" classname="tests.TestAPI"/>
  <testcase name="testGetBody" time="0.077" classname="tests.TestAPI"/>
  <testcase name="testPostResponseMessage" time="0.198" classname="tests.TestAPI"/>
  <testcase name="testcheckProxy" time="0.071" classname="tests.TestAPI"/>
</testsuite> <!-- APITestFramework -->
