<?xml version="1.0" encoding="UTF-8"?>
<testng-results skipped="0" failed="0" ignored="0" total="5" passed="5">
  <reporter-output>
  </reporter-output>
  <suite name="tests" duration-ms="1168" started-at="2019-01-25T14:30:01 EST" finished-at="2019-01-25T14:30:02 EST">
    <groups>
    </groups>
    <test name="testng Test" duration-ms="1168" started-at="2019-01-25T14:30:01 EST" finished-at="2019-01-25T14:30:02 EST">
      <class name="tests.TestAPI">
        <test-method status="PASS" signature="setUp()[pri:0, instance:tests.TestAPI@2ed94a8b]" name="setUp" is-config="true" duration-ms="31" started-at="2019-01-25T14:30:01 EST" finished-at="2019-01-25T14:30:01 EST">
          <reporter-output>
          </reporter-output>
        </test-method> <!-- setUp -->
        <test-method status="PASS" signature="testcheckProxy()[pri:5, instance:tests.TestAPI@2ed94a8b]" name="testcheckProxy" duration-ms="711" started-at="2019-01-25T14:30:01 EST" finished-at="2019-01-25T14:30:01 EST">
          <reporter-output>
          </reporter-output>
        </test-method> <!-- testcheckProxy -->
        <test-method status="PASS" signature="testGetStatusCode()[pri:2, instance:tests.TestAPI@2ed94a8b]" name="testGetStatusCode" duration-ms="777" started-at="2019-01-25T14:30:01 EST" finished-at="2019-01-25T14:30:01 EST">
          <reporter-output>
          </reporter-output>
        </test-method> <!-- testGetStatusCode -->
        <test-method status="PASS" signature="testPostResponseMessage()[pri:4, instance:tests.TestAPI@2ed94a8b]" name="testPostResponseMessage" duration-ms="1118" started-at="2019-01-25T14:30:01 EST" finished-at="2019-01-25T14:30:02 EST">
          <reporter-output>
          </reporter-output>
        </test-method> <!-- testPostResponseMessage -->
        <test-method status="PASS" signature="testPostStatusCode()[pri:1, instance:tests.TestAPI@2ed94a8b]" name="testPostStatusCode" duration-ms="1076" started-at="2019-01-25T14:30:01 EST" finished-at="2019-01-25T14:30:02 EST">
          <reporter-output>
          </reporter-output>
        </test-method> <!-- testPostStatusCode -->
        <test-method status="PASS" signature="testGetBody()[pri:3, instance:tests.TestAPI@2ed94a8b]" name="testGetBody" duration-ms="788" started-at="2019-01-25T14:30:01 EST" finished-at="2019-01-25T14:30:01 EST">
          <reporter-output>
          </reporter-output>
        </test-method> <!-- testGetBody -->
      </class> <!-- tests.TestAPI -->
    </test> <!-- testng Test -->
  </suite> <!-- tests -->
</testng-results>
