<?xml version="1.0" encoding="UTF-8"?>
<testng-results skipped="0" failed="0" ignored="0" total="5" passed="5">
  <reporter-output>
  </reporter-output>
  <suite name="Default Suite" duration-ms="3067" started-at="2019-01-25T20:32:20 EST" finished-at="2019-01-25T20:32:23 EST">
    <groups>
    </groups>
    <test name="APITestFramework" duration-ms="3067" started-at="2019-01-25T20:32:20 EST" finished-at="2019-01-25T20:32:23 EST">
      <class name="tests.TestAPI">
        <test-method status="PASS" signature="setUp()[pri:0, instance:tests.TestAPI@2ed94a8b]" name="setUp" is-config="true" duration-ms="42" started-at="2019-01-25T20:32:20 EST" finished-at="2019-01-25T20:32:20 EST">
          <reporter-output>
          </reporter-output>
        </test-method> <!-- setUp -->
        <test-method status="PASS" signature="testPostStatusCode()[pri:1, instance:tests.TestAPI@2ed94a8b]" name="testPostStatusCode" duration-ms="2447" started-at="2019-01-25T20:32:20 EST" finished-at="2019-01-25T20:32:23 EST">
          <reporter-output>
          </reporter-output>
        </test-method> <!-- testPostStatusCode -->
        <test-method status="PASS" signature="testGetStatusCode()[pri:2, instance:tests.TestAPI@2ed94a8b]" name="testGetStatusCode" duration-ms="192" started-at="2019-01-25T20:32:23 EST" finished-at="2019-01-25T20:32:23 EST">
          <reporter-output>
          </reporter-output>
        </test-method> <!-- testGetStatusCode -->
        <test-method status="PASS" signature="testGetBody()[pri:3, instance:tests.TestAPI@2ed94a8b]" name="testGetBody" duration-ms="77" started-at="2019-01-25T20:32:23 EST" finished-at="2019-01-25T20:32:23 EST">
          <reporter-output>
          </reporter-output>
        </test-method> <!-- testGetBody -->
        <test-method status="PASS" signature="testPostResponseMessage()[pri:4, instance:tests.TestAPI@2ed94a8b]" name="testPostResponseMessage" duration-ms="198" started-at="2019-01-25T20:32:23 EST" finished-at="2019-01-25T20:32:23 EST">
          <reporter-output>
          </reporter-output>
        </test-method> <!-- testPostResponseMessage -->
        <test-method status="PASS" signature="testcheckProxy()[pri:5, instance:tests.TestAPI@2ed94a8b]" name="testcheckProxy" duration-ms="71" started-at="2019-01-25T20:32:23 EST" finished-at="2019-01-25T20:32:23 EST">
          <reporter-output>
          </reporter-output>
        </test-method> <!-- testcheckProxy -->
      </class> <!-- tests.TestAPI -->
    </test> <!-- APITestFramework -->
  </suite> <!-- Default Suite -->
</testng-results>
